01:45:39.316 Gauge Install ID: c6f5ee46-d83e-4e8f-8584-d43a45da59ed
01:45:39.959 Gauge daemon initialized and listening on port: 57520
02:11:19.334 Gauge Install ID: c6f5ee46-d83e-4e8f-8584-d43a45da59ed
02:11:19.580 Gauge daemon initialized and listening on port: 57695
02:23:10.005 Gauge Install ID: c6f5ee46-d83e-4e8f-8584-d43a45da59ed
02:23:10.267 Gauge daemon initialized and listening on port: 57889
02:33:34.733 Gauge Install ID: c6f5ee46-d83e-4e8f-8584-d43a45da59ed
02:33:39.987 Checking updates...
02:33:45.858 Plugin [Html Report] with pid [12728] has exited
02:33:46.058 Specifications:	1 executed	1 passed	0 failed	0 skipped
02:33:46.058 Scenarios:	1 executed	1 passed	0 failed	0 skipped
02:33:46.058 
Total time taken: 4.233s
02:33:46.058 Updates are available. Run `gauge update -c` for more info.
02:35:04.445 Gauge Install ID: c6f5ee46-d83e-4e8f-8584-d43a45da59ed
02:35:10.100 Checking updates...
02:35:25.832 Plugin [Html Report] with pid [12792] has exited
02:35:26.336 Specifications:	1 executed	0 passed	1 failed	0 skipped
02:35:26.336 Scenarios:	1 executed	0 passed	1 failed	0 skipped
02:35:26.336 
Total time taken: 14.766s
02:35:26.336 Updates are available. Run `gauge update -c` for more info.
02:35:41.228 Gauge Install ID: c6f5ee46-d83e-4e8f-8584-d43a45da59ed
02:35:42.466 Checking updates...
02:35:53.286 Plugin [Html Report] with pid [12835] has exited
02:35:53.487 Specifications:	1 executed	1 passed	0 failed	0 skipped
02:35:53.487 Scenarios:	1 executed	1 passed	0 failed	0 skipped
02:35:53.487 
Total time taken: 5.386s
02:35:53.487 Updates are available. Run `gauge update -c` for more info.
02:36:09.778 Gauge Install ID: c6f5ee46-d83e-4e8f-8584-d43a45da59ed
02:36:15.228 Checking updates...
02:36:21.756 Plugin [Html Report] with pid [12871] has exited
02:36:21.957 Specifications:	1 executed	1 passed	0 failed	0 skipped
02:36:21.957 Scenarios:	1 executed	1 passed	0 failed	0 skipped
02:36:21.957 
Total time taken: 5.431s
02:36:21.957 Updates are available. Run `gauge update -c` for more info.
02:36:30.313 Gauge Install ID: c6f5ee46-d83e-4e8f-8584-d43a45da59ed
02:36:31.611 Checking updates...
02:36:43.175 Plugin [Html Report] with pid [12906] has exited
02:36:43.276 Specifications:	1 executed	1 passed	0 failed	0 skipped
02:36:43.276 Scenarios:	1 executed	1 passed	0 failed	0 skipped
02:36:43.276 
Total time taken: 6.369s
02:36:43.276 Updates are available. Run `gauge update -c` for more info.
17-03-2020 14:23:17.742 [Gauge] [DEBUG] Plugin java is already installed.
17-03-2020 14:23:17.777 [Gauge] [DEBUG] Plugin html-report is already installed.
17-03-2020 14:23:17.779 [Gauge] [INFO] Installing required plugins.
17-03-2020 14:23:17.779 [Gauge] [DEBUG] Installing plugin 'screenshot'
17-03-2020 14:23:17.779 [Gauge] [DEBUG] Gathering metadata for screenshot
17-03-2020 14:23:17.796 [Gauge] [DEBUG] Downloading https://downloads.gauge.org/plugin/screenshot?l=java&p=csharp,dotnet,html-report,java,python,ruby,xml-report&o=windows&a=amd64
17-03-2020 14:23:18.165 [Gauge] [DEBUG] Checking updates...
17-03-2020 14:23:18.167 [Gauge] [DEBUG] Downloading https://downloads.gauge.org/plugin/csharp?l=java&p=csharp,dotnet,html-report,java,python,ruby,xml-report&o=windows&a=amd64
17-03-2020 14:23:18.757 [Gauge] [DEBUG] Downloading https://github.com/getgauge/gauge_screenshot/releases/download/v0.0.1/screenshot-0.0.1-windows.x86_64.zip
17-03-2020 14:23:19.009 [Gauge] [DEBUG] Downloading https://downloads.gauge.org/plugin/dotnet?l=java&p=csharp,dotnet,html-report,java,python,ruby,xml-report&o=windows&a=amd64
17-03-2020 14:23:19.687 [Gauge] [DEBUG] Downloading https://downloads.gauge.org/plugin/html-report?l=java&p=csharp,dotnet,html-report,java,python,ruby,xml-report&o=windows&a=amd64
17-03-2020 14:23:19.952 [Gauge] [DEBUG] Downloading https://downloads.gauge.org/plugin/java?l=java&p=csharp,dotnet,html-report,java,python,ruby,xml-report&o=windows&a=amd64
17-03-2020 14:23:20.215 [Gauge] [DEBUG] Downloading https://downloads.gauge.org/plugin/python?l=java&p=csharp,dotnet,html-report,java,python,ruby,xml-report&o=windows&a=amd64
17-03-2020 14:23:20.486 [Gauge] [DEBUG] Downloading https://downloads.gauge.org/plugin/ruby?l=java&p=csharp,dotnet,html-report,java,python,ruby,xml-report&o=windows&a=amd64
17-03-2020 14:23:20.749 [Gauge] [DEBUG] Downloading https://downloads.gauge.org/plugin/xml-report?l=java&p=csharp,dotnet,html-report,java,python,ruby,xml-report&o=windows&a=amd64
17-03-2020 14:23:20.827 [Gauge] [DEBUG] Installing plugin screenshot 0.0.1
17-03-2020 14:23:20.934 [Gauge] [INFO] Successfully installed plugin 'screenshot' version 0.0.1
17-03-2020 14:23:21.094 [java] [CRITICAL] Failed to start javac.exe. exec: "javac.exe": executable file not found in %!P(MISSING)ATH%!
(MISSING)
17-03-2020 14:23:21.102 [Gauge] [DEBUG] Runner connection error: Runner with pid 6812 quit unexpectedly(exit status 1).
17-03-2020 14:23:21.102 [Gauge] [DEBUG] Error while killing runner: invalid argument
17-03-2020 14:23:21.102 [Gauge] [CRITICAL] Failed to start gauge API: Runner with pid 6812 quit unexpectedly(exit status 1).
17-03-2020 14:31:02.038 [Gauge] [DEBUG] Plugin java is already installed.
17-03-2020 14:31:02.039 [Gauge] [DEBUG] Plugin html-report is already installed.
17-03-2020 14:31:02.115 [java] [DEBUG] classpath set to C:\Users\testinium\Desktop\example - Kopya\out\test\example - Kopya;C:\Users\testinium\Desktop\example - Kopya\out\production\example - Kopya;C:\Users\testinium\AppData\Roaming\gauge\plugins\java\0.7.3\libs\gson-2.8.5.jar;C:\Users\testinium\AppData\Roaming\gauge\plugins\java\0.7.3\libs\jsr305-3.0.2.jar;C:\Users\testinium\AppData\Roaming\gauge\plugins\java\0.7.3\libs\json-20190722.jar;C:\Users\testinium\AppData\Roaming\gauge\plugins\java\0.7.3\libs\commons-io-2.6.jar;C:\Users\testinium\AppData\Roaming\gauge\plugins\java\0.7.3\libs\guava-28.1-jre.jar;C:\Users\testinium\AppData\Roaming\gauge\plugins\java\0.7.3\libs\grpc-api-1.25.0.jar;C:\Users\testinium\AppData\Roaming\gauge\plugins\java\0.7.3\libs\commons-lang-2.6.jar;C:\Users\testinium\AppData\Roaming\gauge\plugins\java\0.7.3\libs\gauge-java-0.7.3.jar;C:\Users\testinium\AppData\Roaming\gauge\plugins\java\0.7.3\libs\grpc-core-1.25.0.jar;C:\Users\testinium\AppData\Roaming\gauge\plugins\java\0.7.3\libs\grpc-stub-1.24.1.jar;C:\Users\testinium\AppData\Roaming\gauge\plugins\java\0.7.3\libs\checker-qual-2.8.1.jar;C:\Users\testinium\AppData\Roaming\gauge\plugins\java\0.7.3\libs\reflections-0.9.11.jar;C:\Users\testinium\AppData\Roaming\gauge\plugins\java\0.7.3\libs\annotations-4.1.1.4.jar;C:\Users\testinium\AppData\Roaming\gauge\plugins\java\0.7.3\libs\assertj-core-3.14.0.jar;C:\Users\testinium\AppData\Roaming\gauge\plugins\java\0.7.3\libs\failureaccess-1.0.1.jar;C:\Users\testinium\AppData\Roaming\gauge\plugins\java\0.7.3\libs\grpc-context-1.25.0.jar;C:\Users\testinium\AppData\Roaming\gauge\plugins\java\0.7.3\libs\javassist-3.21.0-GA.jar;C:\Users\testinium\AppData\Roaming\gauge\plugins\java\0.7.3\libs\perfmark-api-0.19.0.jar;C:\Users\testinium\AppData\Roaming\gauge\plugins\java\0.7.3\libs\grpc-protobuf-1.24.1.jar;C:\Users\testinium\AppData\Roaming\gauge\plugins\java\0.7.3\libs\protobuf-java-3.10.0.jar;C:\Users\testinium\AppData\Roaming\gauge\plugins\java\0.7.3\libs\javaparser-core-2.5.1.jar;C:\Users\testinium\AppData\Roaming\gauge\plugins\java\0.7.3\libs\opencensus-api-0.21.0.jar;C:\Users\testinium\AppData\Roaming\gauge\plugins\java\0.7.3\libs\j2objc-annotations-1.3.jar;C:\Users\testinium\AppData\Roaming\gauge\plugins\java\0.7.3\libs\grpc-netty-shaded-1.25.0.jar;C:\Users\testinium\AppData\Roaming\gauge\plugins\java\0.7.3\libs\grpc-protobuf-lite-1.24.1.jar;C:\Users\testinium\AppData\Roaming\gauge\plugins\java\0.7.3\libs\javax.annotation-api-1.3.2.jar;C:\Users\testinium\AppData\Roaming\gauge\plugins\java\0.7.3\libs\error_prone_annotations-2.3.2.jar;C:\Users\testinium\AppData\Roaming\gauge\plugins\java\0.7.3\libs\animal-sniffer-annotations-1.18.jar;C:\Users\testinium\AppData\Roaming\gauge\plugins\java\0.7.3\libs\proto-google-common-protos-1.12.0.jar;C:\Users\testinium\AppData\Roaming\gauge\plugins\java\0.7.3\libs\opencensus-contrib-grpc-metrics-0.21.0.jar;C:\Users\testinium\AppData\Roaming\gauge\plugins\java\0.7.3\libs\listenablefuture-9999.0-empty-to-avoid-conflict-with-guava.jar
17-03-2020 14:31:02.433 [java] [DEBUG] Connecting to port: 51384
17-03-2020 14:31:02.443 [java] [DEBUG] Connected to 127.0.0.1:51384
17-03-2020 14:31:02.467 [Gauge] [DEBUG] Checking updates...
17-03-2020 14:31:02.470 [Gauge] [DEBUG] Downloading https://downloads.gauge.org/plugin/csharp?l=java&p=csharp,dotnet,html-report,java,python,ruby,screenshot,xml-report&o=windows&a=amd64
17-03-2020 14:31:03.452 [Gauge] [DEBUG] Downloading https://downloads.gauge.org/plugin/dotnet?l=java&p=csharp,dotnet,html-report,java,python,ruby,screenshot,xml-report&o=windows&a=amd64
17-03-2020 14:31:03.697 [Gauge] [DEBUG] Downloading https://downloads.gauge.org/plugin/html-report?l=java&p=csharp,dotnet,html-report,java,python,ruby,screenshot,xml-report&o=windows&a=amd64
17-03-2020 14:31:03.959 [Gauge] [DEBUG] Downloading https://downloads.gauge.org/plugin/java?l=java&p=csharp,dotnet,html-report,java,python,ruby,screenshot,xml-report&o=windows&a=amd64
17-03-2020 14:31:04.216 [Gauge] [DEBUG] Downloading https://downloads.gauge.org/plugin/python?l=java&p=csharp,dotnet,html-report,java,python,ruby,screenshot,xml-report&o=windows&a=amd64
17-03-2020 14:31:04.479 [Gauge] [DEBUG] Downloading https://downloads.gauge.org/plugin/ruby?l=java&p=csharp,dotnet,html-report,java,python,ruby,screenshot,xml-report&o=windows&a=amd64
17-03-2020 14:31:04.729 [Gauge] [DEBUG] Downloading https://downloads.gauge.org/plugin/screenshot?l=java&p=csharp,dotnet,html-report,java,python,ruby,screenshot,xml-report&o=windows&a=amd64
17-03-2020 14:31:04.973 [Gauge] [DEBUG] Downloading https://downloads.gauge.org/plugin/xml-report?l=java&p=csharp,dotnet,html-report,java,python,ruby,screenshot,xml-report&o=windows&a=amd64
17-03-2020 14:31:05.266 [java] [DEBUG] Scanning packages for steps
17-03-2020 14:31:05.274 [java] [DEBUG] Scanning packages for hooks
17-03-2020 14:31:06.747 [Gauge] [ERROR] [ValidationError] C:\Users\testinium\Desktop\example - Kopya\specs\example.spec:8 Step implementation not found => 'batuhan'
17-03-2020 14:31:06.747 [Gauge] [ERROR] [ValidationError] C:\Users\testinium\Desktop\example - Kopya\specs\example.spec:9 Step implementation not found => 'testinium'
17-03-2020 14:31:06.747 [Gauge] [ERROR] [ValidationError] C:\Users\testinium\Desktop\example - Kopya\specs\example.spec:10 Step implementation not found => 'hello batu'
17-03-2020 14:31:07.841 [Gauge] [INFO] Closing connection [127.0.0.1:51393] cause: EOF
17-03-2020 14:31:07.880 [Gauge] [DEBUG] Plugin [Html Report] with pid [2536] has exited
17-03-2020 14:31:07.882 [java] [DEBUG] Kill process request recieved
17-03-2020 14:31:07.980 [Gauge] [INFO] Specifications:	0 executed	0 passed	0 failed	1 skipped
17-03-2020 14:31:07.980 [Gauge] [INFO] Scenarios:	0 executed	0 passed	0 failed	1 skipped
17-03-2020 14:31:07.980 [Gauge] [INFO] 
Total time taken: 123ms
17-03-2020 14:31:07.991 [Gauge] [INFO] Updates are available. Run `gauge update -c` for more info.
